\BOOKMARK [-1][-]{part.1}{I Cluster MongoDB}{}% 1
\BOOKMARK [0][-]{chapter.1}{Architettura}{part.1}% 2
\BOOKMARK [1][-]{section.1.1}{Sharding}{chapter.1}% 3
\BOOKMARK [1][-]{section.1.2}{Cluster}{chapter.1}% 4
\BOOKMARK [1][-]{section.1.3}{Shard}{chapter.1}% 5
\BOOKMARK [1][-]{section.1.4}{Config Servers}{chapter.1}% 6
\BOOKMARK [1][-]{section.1.5}{Mongos}{chapter.1}% 7
\BOOKMARK [1][-]{section.1.6}{Replica set}{chapter.1}% 8
\BOOKMARK [1][-]{section.1.7}{Primary}{chapter.1}% 9
\BOOKMARK [1][-]{section.1.8}{Secondary}{chapter.1}% 10
\BOOKMARK [1][-]{section.1.9}{Arbiter}{chapter.1}% 11
\BOOKMARK [1][-]{section.1.10}{Architettura di deploy}{chapter.1}% 12
\BOOKMARK [0][-]{chapter.2}{Aggiunta di un nodo ad un replica set}{part.1}% 13
\BOOKMARK [1][-]{section.2.1}{Downlaod dei file necessari}{chapter.2}% 14
\BOOKMARK [1][-]{section.2.2}{Restore dei dati}{chapter.2}% 15
\BOOKMARK [1][-]{section.2.3}{Aggiunta al Replica Set}{chapter.2}% 16
\BOOKMARK [0][-]{chapter.3}{Inizializzazione di un Replica Set}{part.1}% 17
\BOOKMARK [1][-]{section.3.1}{Downlaod dei file necessari}{chapter.3}% 18
\BOOKMARK [1][-]{section.3.2}{Cambio dei parametri di configurazione}{chapter.3}% 19
\BOOKMARK [1][-]{section.3.3}{Inizializzazione del Replica Set}{chapter.3}% 20
\BOOKMARK [1][-]{section.3.4}{Aggiungere gli altri nodi}{chapter.3}% 21
\BOOKMARK [0][-]{chapter.4}{Aggiunta di una shard al cluster}{part.1}% 22
\BOOKMARK [1][-]{section.4.1}{Collegamento a mongos}{chapter.4}% 23
\BOOKMARK [1][-]{section.4.2}{Aggiunta della shard}{chapter.4}% 24
\BOOKMARK [0][-]{chapter.5}{Inizializzazione del cluster}{part.1}% 25
